
> @solid-devtools/debugger@0.15.3 build /workspace/solid-devtools/packages/debugger
> tsup

CLI Building entry: src/index.ts, src/server.ts, src/types.ts
CLI Using tsconfig: tsconfig.json
CLI tsup v6.6.0
CLI Using tsup config: /workspace/solid-devtools/packages/debugger/tsup.config.ts
CLI Target: esnext
CLI Cleaning output folder
CJS Build start
ESM Build start
DTS Build start
CJS dist/types.cjs  866.00 B
CJS dist/server.cjs 23.40 KB
CJS dist/index.cjs  23.15 KB
CJS ⚡️ Build success in 2698ms
ESM dist/chunk-JGJZYBMB.js 767.00 B
ESM dist/chunk-HJAMTUXT.js 21.45 KB
ESM dist/types.js          139.00 B
ESM dist/server.js         1.62 KB
ESM dist/index.js          836.00 B
ESM ⚡️ Build success in 2702ms
DTS ⚡️ Build success in 7598ms
DTS dist/index.d.ts          6.58 KB
DTS dist/types.d.ts          854.00 B
DTS dist/index-55f1a111.d.ts 11.15 KB
